<?xml version="1.0" encoding="UTF-8"?>
<!-- Generated by org.testng.reporters.JUnitXMLReporter -->
<testsuite ignored="0" hostname="Surajs-MacBook-Air.local" failures="0" tests="3" name="Surefire test" time="11.49" errors="0" timestamp="2026-02-23T12:53:29 IST">
  <testcase classname="tests.DemoTest" name="demo" time="0.003"/>
  <testcase classname="tests.PlaceOrderTest" name="placeOrderTest" time="3.105"/>
  <testcase classname="tests.PlaceOrderTest" name="placeOrderTest" time="3.076"/>
</testsuite> <!-- Surefire test -->
