<?xml version="1.0" encoding="UTF-8"?>
<testng-results ignored="0" total="3" passed="3" failed="0" skipped="0">
  <reporter-output>
  </reporter-output>
  <suite started-at="2026-02-23T12:53:17 IST" name="Surefire suite" finished-at="2026-02-23T12:53:29 IST" duration-ms="11490">
    <groups>
    </groups>
    <test started-at="2026-02-23T12:53:17 IST" name="Surefire test" finished-at="2026-02-23T12:53:29 IST" duration-ms="11490">
      <class name="tests.DemoTest">
        <test-method signature="demo()[pri:0, instance:tests.DemoTest@3d121db3]" started-at="2026-02-23T12:53:17 IST" name="demo" finished-at="2026-02-23T12:53:17 IST" duration-ms="3" status="PASS">
          <reporter-output>
          </reporter-output>
        </test-method> <!-- demo -->
      </class> <!-- tests.DemoTest -->
      <class name="tests.PlaceOrderTest">
        <test-method is-config="true" signature="setUp()[pri:0, instance:tests.PlaceOrderTest@27ae2fd0]" started-at="2026-02-23T12:53:17 IST" name="setUp" finished-at="2026-02-23T12:53:20 IST" duration-ms="2941" status="PASS">
          <reporter-output>
          </reporter-output>
        </test-method> <!-- setUp -->
        <test-method signature="placeOrderTest(java.lang.String,java.lang.String,java.lang.String,java.lang.String)[pri:0, instance:tests.PlaceOrderTest@27ae2fd0]" started-at="2026-02-23T12:53:20 IST" name="placeOrderTest" data-provider="getData" finished-at="2026-02-23T12:53:23 IST" duration-ms="3105" status="PASS">
          <params>
            <param index="0">
              <value>
                <![CDATA[ksuraj16101999@gmail.com]]>
              </value>
            </param>
            <param index="1">
              <value>
                <![CDATA[Suraj@123]]>
              </value>
            </param>
            <param index="2">
              <value>
                <![CDATA[ADIDAS ORIGINAL]]>
              </value>
            </param>
            <param index="3">
              <value>
                <![CDATA[India]]>
              </value>
            </param>
          </params>
          <reporter-output>
          </reporter-output>
        </test-method> <!-- placeOrderTest -->
        <test-method is-config="true" signature="tearDown()[pri:0, instance:tests.PlaceOrderTest@27ae2fd0]" started-at="2026-02-23T12:53:23 IST" name="tearDown" finished-at="2026-02-23T12:53:24 IST" duration-ms="151" status="PASS">
          <reporter-output>
          </reporter-output>
        </test-method> <!-- tearDown -->
        <test-method is-config="true" signature="setUp()[pri:0, instance:tests.PlaceOrderTest@27ae2fd0]" started-at="2026-02-23T12:53:24 IST" name="setUp" finished-at="2026-02-23T12:53:25 IST" duration-ms="1782" status="PASS">
          <reporter-output>
          </reporter-output>
        </test-method> <!-- setUp -->
        <test-method signature="placeOrderTest(java.lang.String,java.lang.String,java.lang.String,java.lang.String)[pri:0, instance:tests.PlaceOrderTest@27ae2fd0]" started-at="2026-02-23T12:53:25 IST" name="placeOrderTest" data-provider="getData" finished-at="2026-02-23T12:53:28 IST" duration-ms="3076" status="PASS">
          <params>
            <param index="0">
              <value>
                <![CDATA[ksuraj16101997@gmail.com]]>
              </value>
            </param>
            <param index="1">
              <value>
                <![CDATA[Suraj@123]]>
              </value>
            </param>
            <param index="2">
              <value>
                <![CDATA[ZARA COAT 3]]>
              </value>
            </param>
            <param index="3">
              <value>
                <![CDATA[India]]>
              </value>
            </param>
          </params>
          <reporter-output>
          </reporter-output>
        </test-method> <!-- placeOrderTest -->
        <test-method is-config="true" signature="tearDown()[pri:0, instance:tests.PlaceOrderTest@27ae2fd0]" started-at="2026-02-23T12:53:28 IST" name="tearDown" finished-at="2026-02-23T12:53:29 IST" duration-ms="121" status="PASS">
          <reporter-output>
          </reporter-output>
        </test-method> <!-- tearDown -->
      </class> <!-- tests.PlaceOrderTest -->
    </test> <!-- Surefire test -->
  </suite> <!-- Surefire suite -->
</testng-results>
