<?xml version="1.0" encoding="UTF-8"?>
<testsuite xmlns:xsi="http://www.w3.org/2001/XMLSchema-instance" xsi:noNamespaceSchemaLocation="https://maven.apache.org/surefire/maven-surefire-plugin/xsd/surefire-test-report-3.0.xsd" version="3.0" name="TestSuite" time="11.875" tests="3" errors="0" skipped="0" failures="0">
  <properties>
[...]
</properties>
  <testcase name="demo" classname="tests.DemoTest" time="0.001">
    <system-out><![CDATA[suite start
test start
Demo test
]]></system-out>
  </testcase>
  <testcase name="placeOrderTest[ksuraj16101999@gmail.com, Suraj@123, ADIDAS ORIGINAL, India](1)" classname="tests.PlaceOrderTest" time="3.101">
    <system-out><![CDATA[test pass
test start
ADIDAS ORIGINAL
]]></system-out>
    <system-err><![CDATA[ERROR StatusLogger Log4j2 could not find a logging implementation. Please add log4j-core to the classpath. Using SimpleLogger to log to the console...
Feb 23, 2026 12:53:19 PM org.openqa.selenium.devtools.CdpVersionFinder findNearestMatch
WARNING: Unable to find an exact match for CDP version 145, returning the closest version; found: 142; Please update to a Selenium version that supports CDP version 145
]]></system-err>
  </testcase>
  <testcase name="placeOrderTest[ksuraj16101997@gmail.com, Suraj@123, ZARA COAT 3, India](2)" classname="tests.PlaceOrderTest" time="3.075">
    <system-out><![CDATA[test pass
test start
ZARA COAT 3
]]></system-out>
    <system-err><![CDATA[Feb 23, 2026 12:53:25 PM org.openqa.selenium.devtools.CdpVersionFinder findNearestMatch
WARNING: Unable to find an exact match for CDP version 145, returning the closest version; found: 142; Please update to a Selenium version that supports CDP version 145
]]></system-err>
  </testcase>
</testsuite>