<?xml version="1.0" encoding="UTF-8"?>
<testng-results ignored="0" total="2" passed="2" failed="0" skipped="0">
  <reporter-output>
  </reporter-output>
  <suite started-at="2026-02-23T16:27:54 IST" name="Default suite" finished-at="2026-02-23T16:28:05 IST" duration-ms="11396">
    <groups>
    </groups>
    <test started-at="2026-02-23T16:27:54 IST" name="Default test" finished-at="2026-02-23T16:28:05 IST" duration-ms="11396">
      <class name="tests.PlaceOrderTest">
        <test-method is-config="true" signature="setUp()[pri:0, instance:tests.PlaceOrderTest@4135c3b]" started-at="2026-02-23T16:27:54 IST" name="setUp" finished-at="2026-02-23T16:27:57 IST" duration-ms="2530" status="PASS">
          <reporter-output>
          </reporter-output>
        </test-method> <!-- setUp -->
        <test-method signature="placeOrderTest(java.lang.String,java.lang.String,java.lang.String,java.lang.String)[pri:0, instance:tests.PlaceOrderTest@4135c3b]" started-at="2026-02-23T16:27:57 IST" name="placeOrderTest" data-provider="getData" finished-at="2026-02-23T16:28:00 IST" duration-ms="3096" status="PASS">
          <params>
            <param index="0">
              <value>
                <![CDATA[ksuraj16101999@gmail.com]]>
              </value>
            </param>
            <param index="1">
              <value>
                <![CDATA[Suraj@123]]>
              </value>
            </param>
            <param index="2">
              <value>
                <![CDATA[ADIDAS ORIGINAL]]>
              </value>
            </param>
            <param index="3">
              <value>
                <![CDATA[India]]>
              </value>
            </param>
          </params>
          <reporter-output>
          </reporter-output>
        </test-method> <!-- placeOrderTest -->
        <test-method is-config="true" signature="tearDown()[pri:0, instance:tests.PlaceOrderTest@4135c3b]" started-at="2026-02-23T16:28:00 IST" name="tearDown" finished-at="2026-02-23T16:28:00 IST" duration-ms="132" status="PASS">
          <reporter-output>
          </reporter-output>
        </test-method> <!-- tearDown -->
        <test-method is-config="true" signature="setUp()[pri:0, instance:tests.PlaceOrderTest@4135c3b]" started-at="2026-02-23T16:28:00 IST" name="setUp" finished-at="2026-02-23T16:28:02 IST" duration-ms="1827" status="PASS">
          <reporter-output>
          </reporter-output>
        </test-method> <!-- setUp -->
        <test-method signature="placeOrderTest(java.lang.String,java.lang.String,java.lang.String,java.lang.String)[pri:0, instance:tests.PlaceOrderTest@4135c3b]" started-at="2026-02-23T16:28:02 IST" name="placeOrderTest" data-provider="getData" finished-at="2026-02-23T16:28:05 IST" duration-ms="3437" status="PASS">
          <params>
            <param index="0">
              <value>
                <![CDATA[ksuraj16101997@gmail.com]]>
              </value>
            </param>
            <param index="1">
              <value>
                <![CDATA[Suraj@123]]>
              </value>
            </param>
            <param index="2">
              <value>
                <![CDATA[ZARA COAT 3]]>
              </value>
            </param>
            <param index="3">
              <value>
                <![CDATA[India]]>
              </value>
            </param>
          </params>
          <reporter-output>
          </reporter-output>
        </test-method> <!-- placeOrderTest -->
        <test-method is-config="true" signature="tearDown()[pri:0, instance:tests.PlaceOrderTest@4135c3b]" started-at="2026-02-23T16:28:05 IST" name="tearDown" finished-at="2026-02-23T16:28:05 IST" duration-ms="75" status="PASS">
          <reporter-output>
          </reporter-output>
        </test-method> <!-- tearDown -->
      </class> <!-- tests.PlaceOrderTest -->
    </test> <!-- Default test -->
  </suite> <!-- Default suite -->
</testng-results>
