<?xml version="1.0" encoding="UTF-8"?>
<testng-results ignored="0" total="1" passed="1" failed="0" skipped="0">
  <reporter-output>
  </reporter-output>
  <suite started-at="2026-02-23T12:45:59 IST" name="Default suite" finished-at="2026-02-23T12:45:59 IST" duration-ms="26">
    <groups>
    </groups>
    <test started-at="2026-02-23T12:45:59 IST" name="Default test" finished-at="2026-02-23T12:45:59 IST" duration-ms="26">
      <class name="tests.DemoTest">
        <test-method signature="demo()[pri:0, instance:tests.DemoTest@131774fe]" started-at="2026-02-23T12:45:59 IST" name="demo" finished-at="2026-02-23T12:45:59 IST" duration-ms="5" status="PASS">
          <reporter-output>
          </reporter-output>
        </test-method> <!-- demo -->
      </class> <!-- tests.DemoTest -->
    </test> <!-- Default test -->
  </suite> <!-- Default suite -->
</testng-results>
